<?xml version="1.0" encoding="UTF-8"?>
<testng-results skipped="2" failed="0" total="2" passed="0">
  <reporter-output>
  </reporter-output>
  <suite name="Tests" duration-ms="1489" started-at="2014-10-02T11:41:02Z" finished-at="2014-10-02T11:41:04Z">
    <groups>
      <group name="Smoke">
        <method signature="HomePageTest.testH1()[pri:0, instance:org.tests.pages.HomePageTest@43463148]" name="testH1" class="org.tests.pages.HomePageTest"/>
      </group> <!-- Smoke -->
      <group name="Integration">
        <method signature="HomePageTest.testH2()[pri:0, instance:org.tests.pages.HomePageTest@43463148]" name="testH2" class="org.tests.pages.HomePageTest"/>
        <method signature="HomePageTest.testH1()[pri:0, instance:org.tests.pages.HomePageTest@43463148]" name="testH1" class="org.tests.pages.HomePageTest"/>
      </group> <!-- Integration -->
    </groups>
    <test name="Test1" duration-ms="1489" started-at="2014-10-02T11:41:02Z" finished-at="2014-10-02T11:41:04Z">
      <class name="org.tests.pages.HomePageTest">
        <test-method status="FAIL" signature="init()[pri:0, instance:org.tests.pages.HomePageTest@43463148]" name="init" is-config="true" duration-ms="0" started-at="2014-10-02T17:11:02Z" finished-at="2014-10-02T17:11:02Z">
          <exception class="org.openqa.selenium.remote.UnreachableBrowserException">
            <message>
              <![CDATA[Could not start a new session. Possible causes are invalid address of the remote server or browser start-up failure.
Build info: version: '2.40.0', revision: '4c5c0568b004f67810ee41c459549aa4b09c651e', time: '2014-02-19 11:13:01'
System info: host: 'A1ML09091', ip: '180.215.20.239', os.name: 'Windows 8', os.arch: 'amd64', os.version: '6.2', java.version: '1.7.0_09'
Driver info: driver.version: RemoteWebDriver]]>
            </message>
            <full-stacktrace>
              <![CDATA[org.openqa.selenium.remote.UnreachableBrowserException: Could not start a new session. Possible causes are invalid address of the remote server or browser start-up failure.
Build info: version: '2.40.0', revision: '4c5c0568b004f67810ee41c459549aa4b09c651e', time: '2014-02-19 11:13:01'
System info: host: 'A1ML09091', ip: '180.215.20.239', os.name: 'Windows 8', os.arch: 'amd64', os.version: '6.2', java.version: '1.7.0_09'
Driver info: driver.version: RemoteWebDriver
	at org.openqa.selenium.remote.RemoteWebDriver.execute(RemoteWebDriver.java:567)
	at org.openqa.selenium.remote.RemoteWebDriver.startSession(RemoteWebDriver.java:218)
	at org.openqa.selenium.remote.RemoteWebDriver.<init>(RemoteWebDriver.java:113)
	at org.openqa.selenium.remote.RemoteWebDriver.<init>(RemoteWebDriver.java:131)
	at org.tests.webdriver.WebDriverFactory.getInstance(WebDriverFactory.java:138)
	at org.tests.pages.TestBase.init(TestBase.java:76)
	at sun.reflect.NativeMethodAccessorImpl.invoke0(Native Method)
	at sun.reflect.NativeMethodAccessorImpl.invoke(NativeMethodAccessorImpl.java:57)
	at sun.reflect.DelegatingMethodAccessorImpl.invoke(DelegatingMethodAccessorImpl.java:43)
	at java.lang.reflect.Method.invoke(Method.java:601)
	at org.testng.internal.MethodInvocationHelper.invokeMethod(MethodInvocationHelper.java:84)
	at org.testng.internal.Invoker.invokeConfigurationMethod(Invoker.java:564)
	at org.testng.internal.Invoker.invokeConfigurations(Invoker.java:213)
	at org.testng.internal.Invoker.invokeConfigurations(Invoker.java:138)
	at org.testng.TestRunner.beforeRun(TestRunner.java:641)
	at org.testng.TestRunner.run(TestRunner.java:609)
	at org.testng.SuiteRunner.runTest(SuiteRunner.java:348)
	at org.testng.SuiteRunner.runSequentially(SuiteRunner.java:343)
	at org.testng.SuiteRunner.privateRun(SuiteRunner.java:305)
	at org.testng.SuiteRunner.run(SuiteRunner.java:254)
	at org.testng.SuiteRunnerWorker.runSuite(SuiteRunnerWorker.java:52)
	at org.testng.SuiteRunnerWorker.run(SuiteRunnerWorker.java:86)
	at org.testng.TestNG.runSuitesSequentially(TestNG.java:1224)
	at org.testng.TestNG.runSuitesLocally(TestNG.java:1149)
	at org.testng.TestNG.run(TestNG.java:1057)
	at org.apache.maven.surefire.testng.TestNGExecutor.run(TestNGExecutor.java:178)
	at org.apache.maven.surefire.testng.TestNGXmlTestSuite.execute(TestNGXmlTestSuite.java:92)
	at org.apache.maven.surefire.testng.TestNGProvider.invoke(TestNGProvider.java:96)
	at sun.reflect.NativeMethodAccessorImpl.invoke0(Native Method)
	at sun.reflect.NativeMethodAccessorImpl.invoke(NativeMethodAccessorImpl.java:57)
	at sun.reflect.DelegatingMethodAccessorImpl.invoke(DelegatingMethodAccessorImpl.java:43)
	at java.lang.reflect.Method.invoke(Method.java:601)
	at org.apache.maven.surefire.util.ReflectionUtils.invokeMethodWithArray(ReflectionUtils.java:189)
	at org.apache.maven.surefire.booter.ProviderFactory$ProviderProxy.invoke(ProviderFactory.java:165)
	at org.apache.maven.surefire.booter.ProviderFactory.invokeProvider(ProviderFactory.java:85)
	at org.apache.maven.surefire.booter.ForkedBooter.runSuitesInProcess(ForkedBooter.java:115)
	at org.apache.maven.surefire.booter.ForkedBooter.main(ForkedBooter.java:75)
Caused by: java.net.ConnectException: Connection refused: connect
	at java.net.DualStackPlainSocketImpl.waitForConnect(Native Method)
	at java.net.DualStackPlainSocketImpl.socketConnect(DualStackPlainSocketImpl.java:75)
	at java.net.AbstractPlainSocketImpl.doConnect(AbstractPlainSocketImpl.java:339)
	at java.net.AbstractPlainSocketImpl.connectToAddress(AbstractPlainSocketImpl.java:200)
	at java.net.AbstractPlainSocketImpl.connect(AbstractPlainSocketImpl.java:182)
	at java.net.PlainSocketImpl.connect(PlainSocketImpl.java:157)
	at java.net.SocksSocketImpl.connect(SocksSocketImpl.java:391)
	at java.net.Socket.connect(Socket.java:579)
	at org.apache.http.conn.scheme.PlainSocketFactory.connectSocket(PlainSocketFactory.java:117)
	at org.apache.http.impl.conn.DefaultClientConnectionOperator.openConnection(DefaultClientConnectionOperator.java:178)
	at org.apache.http.impl.conn.AbstractPoolEntry.open(AbstractPoolEntry.java:144)
	at org.apache.http.impl.conn.AbstractPooledConnAdapter.open(AbstractPooledConnAdapter.java:131)
	at org.apache.http.impl.client.DefaultRequestDirector.tryConnect(DefaultRequestDirector.java:610)
	at org.apache.http.impl.client.DefaultRequestDirector.execute(DefaultRequestDirector.java:445)
	at org.apache.http.impl.client.AbstractHttpClient.doExecute(AbstractHttpClient.java:863)
	at org.apache.http.impl.client.CloseableHttpClient.execute(CloseableHttpClient.java:72)
	at org.apache.http.impl.client.CloseableHttpClient.execute(CloseableHttpClient.java:57)
	at org.openqa.selenium.remote.HttpCommandExecutor.fallBackExecute(HttpCommandExecutor.java:319)
	at org.openqa.selenium.remote.HttpCommandExecutor.execute(HttpCommandExecutor.java:298)
	at org.openqa.selenium.remote.RemoteWebDriver.execute(RemoteWebDriver.java:546)
	... 36 more
]]>
            </full-stacktrace>
          </exception> <!-- org.openqa.selenium.remote.UnreachableBrowserException -->
          <reporter-output>
          </reporter-output>
        </test-method> <!-- init -->
        <test-method status="SKIP" signature="testInit(java.lang.String)[pri:0, instance:org.tests.pages.HomePageTest@43463148]" name="testInit" is-config="true" duration-ms="0" started-at="2014-10-02T17:11:04Z" depends-on-methods="org.tests.pages.TestBase.init" finished-at="2014-10-02T17:11:04Z">
          <reporter-output>
          </reporter-output>
        </test-method> <!-- testInit -->
        <test-method status="SKIP" signature="testH2()[pri:0, instance:org.tests.pages.HomePageTest@43463148]" name="testH2" duration-ms="1" started-at="2014-10-02T17:11:04Z" finished-at="2014-10-02T17:11:04Z">
          <reporter-output>
          </reporter-output>
        </test-method> <!-- testH2 -->
        <test-method status="SKIP" signature="testH1()[pri:0, instance:org.tests.pages.HomePageTest@43463148]" name="testH1" duration-ms="2" started-at="2014-10-02T17:11:04Z" depends-on-methods="org.tests.pages.HomePageTest.testH2" finished-at="2014-10-02T17:11:04Z">
          <reporter-output>
          </reporter-output>
        </test-method> <!-- testH1 -->
      </class> <!-- org.tests.pages.HomePageTest -->
    </test> <!-- Test1 -->
  </suite> <!-- Tests -->
</testng-results>
